\BOOKMARK [0][-]{chapter*.2}{\376\377\000I\000n\000t\000r\000o\000d\000u\000c\000e\000r\000e}{}% 1
\BOOKMARK [0][-]{chapter.1}{\376\377\000C\000o\000n\000t\000e\000x\000t\000u\000l\000\040\002\031\000i\000\040\000f\000u\000n\000d\000a\000m\000e\000n\000t\000a\000r\000e\000a\000\040\000t\000e\000o\000r\000e\000t\000i\000c\001\003}{}% 2
\BOOKMARK [1][-]{section.1.1}{\376\377\000P\000r\000o\000b\000l\000e\000m\000a\000t\000i\000c\000a\000\040\000a\000c\000t\000u\000a\000l\001\003\000\040\000\356\000n\000\040\000c\000o\000m\000u\000n\000i\000c\000a\000r\000e\000a\000\040\000c\000i\000v\000i\000c\001\003}{chapter.1}% 3
\BOOKMARK [2][-]{subsection.1.1.1}{\376\377\000I\000m\000p\000a\000c\000t\000u\000l\000\040\000p\000r\000o\000b\000l\000e\000m\000e\000l\000o\000r\000\040\000u\000r\000b\000a\000n\000e\000\040\000n\000e\000r\000e\000z\000o\000l\000v\000a\000t\000e}{section.1.1}% 4
\BOOKMARK [2][-]{subsection.1.1.2}{\376\377\000B\000a\000r\000i\000e\000r\000e\000l\000e\000\040\000\356\000n\000\040\000c\000o\000m\000u\000n\000i\000c\000a\000r\000e\000a\000\040\000c\000u\000\040\000a\000u\000t\000o\000r\000i\000t\001\003\002\033\000i\000l\000e}{section.1.1}% 5
\BOOKMARK [2][-]{subsection.1.1.3}{\376\377\000D\000i\000g\000i\000t\000a\000l\000i\000z\000a\000r\000e\000a\000\040\000s\000e\000r\000v\000i\000c\000i\000i\000l\000o\000r\000\040\000p\000u\000b\000l\000i\000c\000e\000\040\000\356\000n\000\040\000e\000r\000a\000\040\000p\000o\000s\000t\000-\000p\000a\000n\000d\000e\000m\000i\000e}{section.1.1}% 6
\BOOKMARK [1][-]{section.1.2}{\376\377\000A\000n\000a\000l\000i\000z\001\003\000\040\000c\000o\000m\000p\000a\000r\000a\000t\000i\000v\001\003\000\040\000a\000\040\000s\000o\000l\000u\002\033\000i\000i\000l\000o\000r\000\040\000e\000x\000i\000s\000t\000e\000n\000t\000e}{chapter.1}% 7
\BOOKMARK [2][-]{subsection.1.2.1}{\376\377\000P\000l\000a\000t\000f\000o\000r\000m\000e\000\040\000i\000n\000t\000e\000r\000n\000a\002\033\000i\000o\000n\000a\000l\000e\000\040\000d\000e\000\040\000r\000e\000f\000e\000r\000i\000n\002\033\001\003}{section.1.2}% 8
\BOOKMARK [2][-]{subsection.1.2.2}{\376\377\000S\000i\000t\000u\000a\002\033\000i\000a\000\040\000d\000i\000n\000\040\000R\000o\000m\000\342\000n\000i\000a}{section.1.2}% 9
\BOOKMARK [1][-]{section.1.3}{\376\377\000F\000u\000n\000d\000a\000m\000e\000n\000t\000a\000r\000e\000a\000\040\000t\000e\000h\000n\000o\000l\000o\000g\000i\000c\001\003}{chapter.1}% 10
\BOOKMARK [2][-]{subsection.1.3.1}{\376\377\000A\000r\000h\000i\000t\000e\000c\000t\000u\000r\000a\000\040\000M\000o\000d\000e\000l\000-\000V\000i\000e\000w\000-\000C\000o\000n\000t\000r\000o\000l\000l\000e\000r}{section.1.3}% 11
\BOOKMARK [2][-]{subsection.1.3.2}{\376\377\000T\000e\000h\000n\000o\000l\000o\000g\000i\000i\000\040\000w\000e\000b\000\040\000m\000o\000d\000e\000r\000n\000e}{section.1.3}% 12
\BOOKMARK [1][-]{section.1.4}{\376\377\000A\000s\000p\000e\000c\000t\000e\000\040\000d\000e\000\040\000s\000e\000c\000u\000r\000i\000t\000a\000t\000e\000\040\002\031\000i\000\040\000c\000o\000n\000f\000i\000d\000e\000n\002\033\000i\000a\000l\000i\000t\000a\000t\000e}{chapter.1}% 13
\BOOKMARK [2][-]{subsection.1.4.1}{\376\377\000C\000r\000i\000p\000t\000a\000r\000e\000a\000\040\000d\000a\000t\000e\000l\000o\000r\000\040\000s\000e\000n\000s\000i\000b\000i\000l\000e}{section.1.4}% 14
\BOOKMARK [2][-]{subsection.1.4.2}{\376\377\000M\000a\000n\000a\000g\000e\000m\000e\000n\000t\000u\000l\000\040\000s\000e\000s\000i\000u\000n\000i\000l\000o\000r\000\040\002\031\000i\000\040\000a\000u\000t\000o\000r\000i\000z\000a\000r\000e\000a}{section.1.4}% 15
\BOOKMARK [1][-]{section.1.5}{\376\377\000C\000o\000n\000c\000l\000u\000z\000i\000i}{chapter.1}% 16
\BOOKMARK [0][-]{chapter.2}{\376\377\000A\000n\000a\000l\000i\000z\000a\000\040\002\031\000i\000\040\000p\000r\000o\000i\000e\000c\000t\000a\000r\000e\000a\000\040\000s\000i\000s\000t\000e\000m\000u\000l\000u\000i}{}% 17
\BOOKMARK [1][-]{section.2.1}{\376\377\000A\000n\000a\000l\000i\000z\000a\000\040\000c\000e\000r\000i\000n\002\033\000e\000l\000o\000r}{chapter.2}% 18
\BOOKMARK [2][-]{subsection.2.1.1}{\376\377\000C\000e\000r\000i\000n\002\033\000e\000\040\000f\000u\000n\000c\002\033\000i\000o\000n\000a\000l\000e}{section.2.1}% 19
\BOOKMARK [2][-]{subsection.2.1.2}{\376\377\000C\000e\000r\000i\000n\002\033\000e\000\040\000n\000o\000n\000-\000f\000u\000n\000c\002\033\000i\000o\000n\000a\000l\000e}{section.2.1}% 20
\BOOKMARK [1][-]{section.2.2}{\376\377\000A\000r\000h\000i\000t\000e\000c\000t\000u\000r\000a\000\040\000s\000i\000s\000t\000e\000m\000u\000l\000u\000i}{chapter.2}% 21
\BOOKMARK [2][-]{subsection.2.2.1}{\376\377\000A\000r\000h\000i\000t\000e\000c\000t\000u\000r\000a\000\040\000g\000e\000n\000e\000r\000a\000l\001\003}{section.2.2}% 22
\BOOKMARK [2][-]{subsection.2.2.2}{\376\377\000P\000a\000t\000t\000e\000r\000n\000-\000u\000l\000\040\000M\000o\000d\000e\000l\000-\000V\000i\000e\000w\000-\000C\000o\000n\000t\000r\000o\000l\000l\000e\000r}{section.2.2}% 23
\BOOKMARK [1][-]{section.2.3}{\376\377\000M\000o\000d\000e\000l\000a\000r\000e\000a\000\040\000b\000a\000z\000e\000i\000\040\000d\000e\000\040\000d\000a\000t\000e}{chapter.2}% 24
\BOOKMARK [2][-]{subsection.2.3.1}{\376\377\000S\000c\000h\000e\000m\000a\000\040\000c\000o\000n\000c\000e\000p\000t\000u\000a\000l\001\003}{section.2.3}% 25
\BOOKMARK [2][-]{subsection.2.3.2}{\376\377\000S\000t\000r\000u\000c\000t\000u\000r\000a\000\040\000d\000o\000c\000u\000m\000e\000n\000t\000e\000l\000o\000r\000\040\000M\000o\000n\000g\000o\000D\000B}{section.2.3}% 26
\BOOKMARK [2][-]{subsection.2.3.3}{\376\377\000I\000n\000d\000e\000x\000a\000r\000e\000a\000\040\000p\000e\000n\000t\000r\000u\000\040\000p\000e\000r\000f\000o\000r\000m\000a\000n\002\033\001\003}{section.2.3}% 27
\BOOKMARK [1][-]{section.2.4}{\376\377\000D\000e\000s\000i\000g\000n\000u\000l\000\040\000i\000n\000t\000e\000r\000f\000e\002\033\000e\000i\000\040\000u\000t\000i\000l\000i\000z\000a\000t\000o\000r}{chapter.2}% 28
\BOOKMARK [2][-]{subsection.2.4.1}{\376\377\000P\000r\000i\000n\000c\000i\000p\000i\000i\000\040\000d\000e\000\040\000d\000e\000s\000i\000g\000n}{section.2.4}% 29
\BOOKMARK [2][-]{subsection.2.4.2}{\376\377\000P\000a\000l\000e\000t\000a\000\040\000c\000r\000o\000m\000a\000t\000i\000c\001\003\000\040\002\031\000i\000\040\000t\000i\000p\000o\000g\000r\000a\000f\000i\000a}{section.2.4}% 30
\BOOKMARK [2][-]{subsection.2.4.3}{\376\377\000W\000i\000r\000e\000f\000r\000a\000m\000e\000-\000u\000r\000i\000\040\002\031\000i\000\040\000p\000r\000o\000t\000o\000t\000i\000p\000u\000r\000i}{section.2.4}% 31
\BOOKMARK [1][-]{section.2.5}{\376\377\000A\000r\000h\000i\000t\000e\000c\000t\000u\000r\000a\000\040\000d\000e\000\040\000s\000e\000c\000u\000r\000i\000t\000a\000t\000e}{chapter.2}% 32
\BOOKMARK [2][-]{subsection.2.5.1}{\376\377\000A\000u\000t\000e\000n\000t\000i\000f\000i\000c\000a\000r\000e\000a\000\040\002\031\000i\000\040\000a\000u\000t\000o\000r\000i\000z\000a\000r\000e\000a}{section.2.5}% 33
\BOOKMARK [2][-]{subsection.2.5.2}{\376\377\000P\000r\000o\000t\000e\000c\002\033\000i\000a\000\040\000\356\000m\000p\000o\000t\000r\000i\000v\000a\000\040\000a\000t\000a\000c\000u\000r\000i\000l\000o\000r\000\040\000c\000o\000m\000u\000n\000e}{section.2.5}% 34
\BOOKMARK [2][-]{subsection.2.5.3}{\376\377\000C\000r\000i\000p\000t\000a\000r\000e\000a\000\040\002\031\000i\000\040\000h\000a\000s\000h\000i\000n\000g\000-\000u\000l\000\040\000p\000a\000r\000o\000l\000e\000l\000o\000r}{section.2.5}% 35
\BOOKMARK [1][-]{section.2.6}{\376\377\000I\000n\000t\000e\000g\000r\000a\000r\000e\000a\000\040\000s\000e\000r\000v\000i\000c\000i\000i\000l\000o\000r\000\040\000e\000x\000t\000e\000r\000n\000e}{chapter.2}% 36
\BOOKMARK [2][-]{subsection.2.6.1}{\376\377\000G\000o\000o\000g\000l\000e\000\040\000M\000a\000p\000s\000\040\000A\000P\000I}{section.2.6}% 37
\BOOKMARK [2][-]{subsection.2.6.2}{\376\377\000S\000e\000r\000v\000i\000c\000i\000i\000\040\000d\000e\000\040\000h\000o\000s\000t\000i\000n\000g\000\040\002\031\000i\000\040\000d\000e\000p\000l\000o\000y\000m\000e\000n\000t}{section.2.6}% 38
\BOOKMARK [1][-]{section.2.7}{\376\377\000C\000o\000n\000c\000l\000u\000z\000i\000i}{chapter.2}% 39
\BOOKMARK [0][-]{chapter.3}{\376\377\000I\000m\000p\000l\000e\000m\000e\000n\000t\000a\000r\000e\000a\000\040\000t\000e\000h\000n\000i\000c\001\003}{}% 40
\BOOKMARK [1][-]{section.3.1}{\376\377\000T\000e\000h\000n\000o\000l\000o\000g\000i\000i\000\040\002\031\000i\000\040\000i\000n\000s\000t\000r\000u\000m\000e\000n\000t\000e\000\040\000u\000t\000i\000l\000i\000z\000a\000t\000e}{chapter.3}% 41
\BOOKMARK [2][-]{subsection.3.1.1}{\376\377\000S\000t\000a\000c\000k\000-\000u\000l\000\040\000t\000e\000h\000n\000o\000l\000o\000g\000i\000c}{section.3.1}% 42
\BOOKMARK [2][-]{subsection.3.1.2}{\376\377\000I\000n\000s\000t\000r\000u\000m\000e\000n\000t\000e\000\040\000d\000e\000\040\000d\000e\000z\000v\000o\000l\000t\000a\000r\000e\000\040\002\031\000i\000\040\000d\000e\000p\000l\000o\000y\000m\000e\000n\000t}{section.3.1}% 43
\BOOKMARK [1][-]{section.3.2}{\376\377\000A\000r\000h\000i\000t\000e\000c\000t\000u\000r\000a\000\040\000a\000p\000l\000i\000c\000a\002\033\000i\000e\000i}{chapter.3}% 44
\BOOKMARK [2][-]{subsection.3.2.1}{\376\377\000S\000t\000r\000u\000c\000t\000u\000r\000a\000\040\000d\000i\000r\000e\000c\000t\000o\000a\000r\000e\000l\000o\000r}{section.3.2}% 45
\BOOKMARK [2][-]{subsection.3.2.2}{\376\377\000S\000i\000s\000t\000e\000m\000u\000l\000\040\000d\000e\000\040\000r\000u\000t\000a\000r\000e}{section.3.2}% 46
\BOOKMARK [1][-]{section.3.3}{\376\377\000I\000m\000p\000l\000e\000m\000e\000n\000t\000a\000r\000e\000a\000\040\000f\000u\000n\000c\002\033\000i\000o\000n\000a\000l\000i\000t\001\003\002\033\000i\000l\000o\000r\000\040\000p\000r\000i\000n\000c\000i\000p\000a\000l\000e}{chapter.3}% 47
\BOOKMARK [2][-]{subsection.3.3.1}{\376\377\000S\000i\000s\000t\000e\000m\000u\000l\000\040\000d\000e\000\040\000a\000u\000t\000e\000n\000t\000i\000f\000i\000c\000a\000r\000e}{section.3.3}% 48
\BOOKMARK [2][-]{subsection.3.3.2}{\376\377\000G\000e\000s\000t\000i\000o\000n\000a\000r\000e\000a\000\040\000p\000o\000s\000t\001\003\000r\000i\000l\000o\000r}{section.3.3}% 49
\BOOKMARK [2][-]{subsection.3.3.3}{\376\377\000S\000i\000s\000t\000e\000m\000u\000l\000\040\000d\000e\000\040\000c\000o\000m\000e\000n\000t\000a\000r\000i\000i}{section.3.3}% 50
\BOOKMARK [2][-]{subsection.3.3.4}{\376\377\000P\000a\000n\000o\000u\000l\000\040\000d\000e\000\040\000a\000d\000m\000i\000n\000i\000s\000t\000r\000a\000r\000e}{section.3.3}% 51
\BOOKMARK [1][-]{section.3.4}{\376\377\000I\000n\000t\000e\000g\000r\000a\000r\000e\000a\000\040\000G\000o\000o\000g\000l\000e\000\040\000M\000a\000p\000s}{chapter.3}% 52
\BOOKMARK [2][-]{subsection.3.4.1}{\376\377\000C\000o\000n\000f\000i\000g\000u\000r\000a\000r\000e\000a\000\040\000A\000P\000I\000-\000u\000l\000u\000i}{section.3.4}% 53
\BOOKMARK [2][-]{subsection.3.4.2}{\376\377\000F\000u\000n\000c\002\033\000i\000o\000n\000a\000l\000i\000t\001\003\002\033\000i\000\040\000d\000e\000\040\000m\000a\000p\000p\000i\000n\000g}{section.3.4}% 54
\BOOKMARK [1][-]{section.3.5}{\376\377\000O\000p\000t\000i\000m\000i\000z\000a\000r\000e\000a\000\040\000p\000e\000r\000f\000o\000r\000m\000a\000n\002\033\000e\000l\000o\000r}{chapter.3}% 55
\BOOKMARK [2][-]{subsection.3.5.1}{\376\377\000O\000p\000t\000i\000m\000i\000z\000a\000r\000e\000a\000\040\000b\000a\000z\000e\000i\000\040\000d\000e\000\040\000d\000a\000t\000e}{section.3.5}% 56
\BOOKMARK [2][-]{subsection.3.5.2}{\376\377\000C\000a\000c\000h\000i\000n\000g\000\040\002\031\000i\000\040\000c\000o\000m\000p\000r\000e\000s\000s\000i\000o\000n}{section.3.5}% 57
\BOOKMARK [2][-]{subsection.3.5.3}{\376\377\000O\000p\000t\000i\000m\000i\000z\000a\000r\000e\000a\000\040\000i\000m\000a\000g\000i\000n\000i\000l\000o\000r}{section.3.5}% 58
\BOOKMARK [1][-]{section.3.6}{\376\377\000C\000o\000n\000c\000l\000u\000z\000i\000i}{chapter.3}% 59
\BOOKMARK [0][-]{chapter.4}{\376\377\000T\000e\000s\000t\000a\000r\000e\000a\000\040\002\031\000i\000\040\000e\000v\000a\000l\000u\000a\000r\000e\000a\000\040\000s\000i\000s\000t\000e\000m\000u\000l\000u\000i}{}% 60
\BOOKMARK [1][-]{section.4.1}{\376\377\000S\000t\000r\000a\000t\000e\000g\000i\000a\000\040\000d\000e\000\040\000t\000e\000s\000t\000a\000r\000e}{chapter.4}% 61
\BOOKMARK [2][-]{subsection.4.1.1}{\376\377\000T\000i\000p\000u\000r\000i\000\040\000d\000e\000\040\000t\000e\000s\000t\000e\000\040\000i\000m\000p\000l\000e\000m\000e\000n\000t\000a\000t\000e}{section.4.1}% 62
\BOOKMARK [2][-]{subsection.4.1.2}{\376\377\000I\000n\000s\000t\000r\000u\000m\000e\000n\000t\000e\000\040\000d\000e\000\040\000t\000e\000s\000t\000a\000r\000e\000\040\000u\000t\000i\000l\000i\000z\000a\000t\000e}{section.4.1}% 63
\BOOKMARK [1][-]{section.4.2}{\376\377\000T\000e\000s\000t\000a\000r\000e\000a\000\040\000f\000u\000n\000c\002\033\000i\000o\000n\000a\000l\000i\000t\001\003\002\033\000i\000l\000o\000r}{chapter.4}% 64
\BOOKMARK [2][-]{subsection.4.2.1}{\376\377\000T\000e\000s\000t\000a\000r\000e\000a\000\040\000s\000i\000s\000t\000e\000m\000u\000l\000u\000i\000\040\000d\000e\000\040\000a\000u\000t\000e\000n\000t\000i\000f\000i\000c\000a\000r\000e}{section.4.2}% 65
\BOOKMARK [2][-]{subsection.4.2.2}{\376\377\000T\000e\000s\000t\000a\000r\000e\000a\000\040\000g\000e\000s\000t\000i\000o\000n\001\003\000r\000i\000i\000\040\000p\000o\000s\000t\001\003\000r\000i\000l\000o\000r}{section.4.2}% 66
\BOOKMARK [2][-]{subsection.4.2.3}{\376\377\000T\000e\000s\000t\000a\000r\000e\000a\000\040\000s\000i\000s\000t\000e\000m\000u\000l\000u\000i\000\040\000d\000e\000\040\000v\000o\000t\000a\000r\000e\000\040\002\031\000i\000\040\000c\000o\000m\000e\000n\000t\000a\000r\000i\000i}{section.4.2}% 67
\BOOKMARK [2][-]{subsection.4.2.4}{\376\377\000T\000e\000s\000t\000a\000r\000e\000a\000\040\000p\000a\000n\000o\000u\000l\000u\000i\000\040\000d\000e\000\040\000a\000d\000m\000i\000n\000i\000s\000t\000r\000a\000r\000e}{section.4.2}% 68
\BOOKMARK [1][-]{section.4.3}{\376\377\000T\000e\000s\000t\000a\000r\000e\000a\000\040\000p\000e\000r\000f\000o\000r\000m\000a\000n\002\033\000e\000l\000o\000r}{chapter.4}% 69
\BOOKMARK [2][-]{subsection.4.3.1}{\376\377\000T\000e\000s\000t\000e\000\040\000d\000e\000\040\000\356\000n\000c\001\003\000r\000c\000a\000r\000e}{section.4.3}% 70
\BOOKMARK [2][-]{subsection.4.3.2}{\376\377\000T\000e\000s\000t\000e\000\040\000d\000e\000\040\000s\000t\000r\000e\000s\000s}{section.4.3}% 71
\BOOKMARK [2][-]{subsection.4.3.3}{\376\377\000O\000p\000t\000i\000m\000i\000z\000a\000r\000e\000a\000\040\000b\000a\000z\000a\000t\001\003\000\040\000p\000e\000\040\000r\000e\000z\000u\000l\000t\000a\000t\000e}{section.4.3}% 72
\BOOKMARK [1][-]{section.4.4}{\376\377\000T\000e\000s\000t\000a\000r\000e\000a\000\040\000c\000o\000m\000p\000a\000t\000i\000b\000i\000l\000i\000t\001\003\002\033\000i\000i}{chapter.4}% 73
\BOOKMARK [2][-]{subsection.4.4.1}{\376\377\000T\000e\000s\000t\000a\000r\000e\000a\000\040\000p\000e\000\040\000d\000i\000f\000e\000r\000i\000t\000e\000\040\000b\000r\000o\000w\000s\000e\000r\000e}{section.4.4}% 74
\BOOKMARK [2][-]{subsection.4.4.2}{\376\377\000T\000e\000s\000t\000a\000r\000e\000a\000\040\000p\000e\000\040\000d\000i\000f\000e\000r\000i\000t\000e\000\040\000d\000i\000s\000p\000o\000z\000i\000t\000i\000v\000e}{section.4.4}% 75
\BOOKMARK [2][-]{subsection.4.4.3}{\376\377\000T\000e\000s\000t\000a\000r\000e\000a\000\040\000a\000c\000c\000e\000s\000i\000b\000i\000l\000i\000t\001\003\002\033\000i\000i}{section.4.4}% 76
\BOOKMARK [1][-]{section.4.5}{\376\377\000D\000e\000p\000l\000o\000y\000m\000e\000n\000t\000\040\002\031\000i\000\040\000c\000o\000n\000f\000i\000g\000u\000r\000a\000r\000e\000a\000\040\000p\000r\000o\000d\000u\000c\002\033\000i\000e\000i}{chapter.4}% 77
\BOOKMARK [2][-]{subsection.4.5.1}{\376\377\000P\000r\000e\000g\001\003\000t\000i\000r\000e\000a\000\040\000p\000e\000n\000t\000r\000u\000\040\000d\000e\000p\000l\000o\000y\000m\000e\000n\000t}{section.4.5}% 78
\BOOKMARK [2][-]{subsection.4.5.2}{\376\377\000D\000e\000p\000l\000o\000y\000m\000e\000n\000t\000\040\000p\000e\000\040\000R\000e\000n\000d\000e\000r}{section.4.5}% 79
\BOOKMARK [2][-]{subsection.4.5.3}{\376\377\000C\000o\000n\000f\000i\000g\000u\000r\000a\000r\000e\000a\000\040\000M\000o\000n\000g\000o\000D\000B\000\040\000A\000t\000l\000a\000s}{section.4.5}% 80
\BOOKMARK [2][-]{subsection.4.5.4}{\376\377\000C\000o\000n\000f\000i\000g\000u\000r\000a\000r\000e\000a\000\040\000d\000o\000m\000e\000n\000i\000u\000l\000u\000i\000\040\002\031\000i\000\040\000S\000S\000L}{section.4.5}% 81
\BOOKMARK [1][-]{section.4.6}{\376\377\000M\000o\000n\000i\000t\000o\000r\000i\000z\000a\000r\000e\000a\000\040\002\031\000i\000\040\000m\000a\000i\000n\000t\000e\000n\000a\000n\000c\000e}{chapter.4}% 82
\BOOKMARK [2][-]{subsection.4.6.1}{\376\377\000S\000i\000s\000t\000e\000m\000e\000\040\000d\000e\000\040\000m\000o\000n\000i\000t\000o\000r\000i\000z\000a\000r\000e}{section.4.6}% 83
\BOOKMARK [2][-]{subsection.4.6.2}{\376\377\000L\000o\000g\000g\000i\000n\000g\000\040\002\031\000i\000\040\000d\000e\000b\000u\000g\000g\000i\000n\000g}{section.4.6}% 84
\BOOKMARK [2][-]{subsection.4.6.3}{\376\377\000B\000a\000c\000k\000u\000p\000\040\002\031\000i\000\040\000r\000e\000c\000o\000v\000e\000r\000y}{section.4.6}% 85
\BOOKMARK [1][-]{section.4.7}{\376\377\000E\000v\000a\000l\000u\000a\000r\000e\000a\000\040\000c\000u\000\040\000u\000t\000i\000l\000i\000z\000a\000t\000o\000r\000i\000\040\000r\000e\000a\000l\000i}{chapter.4}% 86
\BOOKMARK [2][-]{subsection.4.7.1}{\376\377\000T\000e\000s\000t\000a\000r\000e\000a\000\040\000c\000u\000\040\000u\000t\000i\000l\000i\000z\000a\000t\000o\000r\000i\000\040\000b\000e\000t\000a}{section.4.7}% 87
\BOOKMARK [2][-]{subsection.4.7.2}{\376\377\000C\000o\000l\000e\000c\000t\000a\000r\000e\000a\000\040\000f\000e\000e\000d\000b\000a\000c\000k\000-\000u\000l\000u\000i}{section.4.7}% 88
\BOOKMARK [2][-]{subsection.4.7.3}{\376\377\000A\000n\000a\000l\000i\000z\000a\000\040\000r\000e\000z\000u\000l\000t\000a\000t\000e\000l\000o\000r}{section.4.7}% 89
\BOOKMARK [1][-]{section.4.8}{\376\377\000R\000e\000z\000u\000l\000t\000a\000t\000e\000\040\002\031\000i\000\040\000m\000e\000t\000r\000i\000c\000i}{chapter.4}% 90
\BOOKMARK [2][-]{subsection.4.8.1}{\376\377\000M\000e\000t\000r\000i\000c\000i\000\040\000d\000e\000\040\000p\000e\000r\000f\000o\000r\000m\000a\000n\002\033\001\003}{section.4.8}% 91
\BOOKMARK [2][-]{subsection.4.8.2}{\376\377\000M\000e\000t\000r\000i\000c\000i\000\040\000d\000e\000\040\000u\000t\000i\000l\000i\000z\000a\000r\000e}{section.4.8}% 92
\BOOKMARK [2][-]{subsection.4.8.3}{\376\377\000R\000a\000t\000a\000\040\000d\000e\000\040\000s\000u\000c\000c\000e\000s\000\040\000a\000\040\000t\000e\000s\000t\000e\000l\000o\000r}{section.4.8}% 93
\BOOKMARK [1][-]{section.4.9}{\376\377\000C\000o\000n\000c\000l\000u\000z\000i\000i\000\040\002\031\000i\000\040\000l\000e\000c\002\033\000i\000i\000\040\000\356\000n\000v\001\003\002\033\000a\000t\000e}{chapter.4}% 94
\BOOKMARK [0][-]{chapter.5}{\376\377\000C\000o\000n\000c\000l\000u\000z\000i\000i\000\040\002\031\000i\000\040\000c\000o\000n\000t\000r\000i\000b\000u\002\033\000i\000i}{}% 95
\BOOKMARK [1][-]{section.5.1}{\376\377\000S\000i\000n\000t\000e\000z\000a\000\040\000r\000e\000z\000u\000l\000t\000a\000t\000e\000l\000o\000r}{chapter.5}% 96
\BOOKMARK [2][-]{subsection.5.1.1}{\376\377\000O\000b\000i\000e\000c\000t\000i\000v\000e\000l\000e\000\040\000a\000t\000i\000n\000s\000e}{section.5.1}% 97
\BOOKMARK [2][-]{subsection.5.1.2}{\376\377\000B\000e\000n\000e\000f\000i\000c\000i\000i\000l\000e\000\040\000i\000d\000e\000n\000t\000i\000f\000i\000c\000a\000t\000e}{section.5.1}% 98
\BOOKMARK [1][-]{section.5.2}{\376\377\000C\000o\000n\000t\000r\000i\000b\000u\002\033\000i\000i\000\040\000o\000r\000i\000g\000i\000n\000a\000l\000e}{chapter.5}% 99
\BOOKMARK [2][-]{subsection.5.2.1}{\376\377\000C\000o\000n\000t\000r\000i\000b\000u\002\033\000i\000i\000\040\000t\000e\000h\000n\000i\000c\000e}{section.5.2}% 100
\BOOKMARK [2][-]{subsection.5.2.2}{\376\377\000C\000o\000n\000t\000r\000i\000b\000u\002\033\000i\000i\000\040\000m\000e\000t\000o\000d\000o\000l\000o\000g\000i\000c\000e}{section.5.2}% 101
\BOOKMARK [2][-]{subsection.5.2.3}{\376\377\000C\000o\000n\000t\000r\000i\000b\000u\002\033\000i\000i\000\040\000s\000o\000c\000i\000a\000l\000e}{section.5.2}% 102
\BOOKMARK [1][-]{section.5.3}{\376\377\000L\000i\000m\000i\000t\001\003\000r\000i\000\040\002\031\000i\000\040\000p\000r\000o\000v\000o\000c\001\003\000r\000i}{chapter.5}% 103
\BOOKMARK [2][-]{subsection.5.3.1}{\376\377\000L\000i\000m\000i\000t\001\003\000r\000i\000\040\000t\000e\000h\000n\000i\000c\000e\000\040\000i\000d\000e\000n\000t\000i\000f\000i\000c\000a\000t\000e}{section.5.3}% 104
\BOOKMARK [2][-]{subsection.5.3.2}{\376\377\000P\000r\000o\000v\000o\000c\001\003\000r\000i\000\040\000d\000e\000\040\000i\000m\000p\000l\000e\000m\000e\000n\000t\000a\000r\000e}{section.5.3}% 105
\BOOKMARK [2][-]{subsection.5.3.3}{\376\377\000A\000s\000p\000e\000c\000t\000e\000\040\000d\000e\000\040\000s\000c\000a\000l\000a\000b\000i\000l\000i\000t\000a\000t\000e}{section.5.3}% 106
\BOOKMARK [1][-]{section.5.4}{\376\377\000D\000i\000r\000e\000c\002\033\000i\000i\000\040\000v\000i\000i\000t\000o\000a\000r\000e\000\040\000d\000e\000\040\000d\000e\000z\000v\000o\000l\000t\000a\000r\000e}{chapter.5}% 107
\BOOKMARK [2][-]{subsection.5.4.1}{\376\377\000F\000u\000n\000c\002\033\000i\000o\000n\000a\000l\000i\000t\001\003\002\033\000i\000\040\000p\000l\000a\000n\000i\000f\000i\000c\000a\000t\000e}{section.5.4}% 108
\BOOKMARK [2][-]{subsection.5.4.2}{\376\377\000\316\000m\000b\000u\000n\001\003\000t\001\003\002\033\000i\000r\000i\000\040\000t\000e\000h\000n\000i\000c\000e}{section.5.4}% 109
\BOOKMARK [2][-]{subsection.5.4.3}{\376\377\000E\000x\000t\000e\000n\000s\000i\000i\000\040\000f\000u\000n\000c\002\033\000i\000o\000n\000a\000l\000e}{section.5.4}% 110
\BOOKMARK [1][-]{section.5.5}{\376\377\000I\000m\000p\000a\000c\000t\000u\000l\000\040\000p\000o\000t\000e\000n\002\033\000i\000a\000l}{chapter.5}% 111
\BOOKMARK [2][-]{subsection.5.5.1}{\376\377\000I\000m\000p\000a\000c\000t\000u\000l\000\040\000a\000s\000u\000p\000r\000a\000\040\000a\000d\000m\000i\000n\000i\000s\000t\000r\000a\002\033\000i\000e\000i\000\040\000p\000u\000b\000l\000i\000c\000e}{section.5.5}% 112
\BOOKMARK [2][-]{subsection.5.5.2}{\376\377\000I\000m\000p\000a\000c\000t\000u\000l\000\040\000a\000s\000u\000p\000r\000a\000\040\000c\000e\000t\001\003\002\033\000e\000n\000i\000l\000o\000r}{section.5.5}% 113
\BOOKMARK [2][-]{subsection.5.5.3}{\376\377\000I\000m\000p\000a\000c\000t\000u\000l\000\040\000a\000s\000u\000p\000r\000a\000\040\000p\000a\000r\000t\000i\000c\000i\000p\001\003\000r\000i\000i\000\040\000c\000i\000v\000i\000c\000e}{section.5.5}% 114
\BOOKMARK [1][-]{section.5.6}{\376\377\000R\000e\000c\000o\000m\000a\000n\000d\001\003\000r\000i\000\040\000p\000e\000n\000t\000r\000u\000\040\000i\000m\000p\000l\000e\000m\000e\000n\000t\000a\000r\000e}{chapter.5}% 115
\BOOKMARK [2][-]{subsection.5.6.1}{\376\377\000S\000t\000r\000a\000t\000e\000g\000i\000a\000\040\000d\000e\000\040\000l\000a\000n\000s\000a\000r\000e}{section.5.6}% 116
\BOOKMARK [2][-]{subsection.5.6.2}{\376\377\000P\000a\000r\000t\000n\000e\000r\000s\000h\000i\000p\000s\000\040\000n\000e\000c\000e\000s\000a\000r\000e}{section.5.6}% 117
\BOOKMARK [2][-]{subsection.5.6.3}{\376\377\000A\000s\000p\000e\000c\000t\000e\000\040\000d\000e\000\040\000s\000u\000s\000t\000e\000n\000a\000b\000i\000l\000i\000t\000a\000t\000e}{section.5.6}% 118
\BOOKMARK [1][-]{section.5.7}{\376\377\000C\000o\000n\000c\000l\000u\000z\000i\000i\000\040\000f\000i\000n\000a\000l\000e}{chapter.5}% 119
\BOOKMARK [0][-]{chapter*.90}{\376\377\000B\000i\000b\000l\000i\000o\000g\000r\000a\000f\000i\000e}{}% 120
\BOOKMARK [0][-]{chapter*.92}{\376\377\000A\000n\000e\000x\000e}{}% 121
